1543273830402	mozrunner::runner	INFO	Running command: "/usr/bin/firefox" "-marionette" "-foreground" "-no-remote" "-profile" "/tmp/rust_mozprofile.Vtho7bTgzQWn"

(firefox:10614): Gtk-WARNING **: 21:10:32.808: Theme parsing error: <data>:1:34: Expected ')' in color definition

(firefox:10614): Gtk-WARNING **: 21:10:32.808: Theme parsing error: <data>:1:77: Expected ')' in color definition
1543273836357	Marionette	INFO	Listening on port 38007
1543273836425	Marionette	WARN	TLS certificate errors will be ignored for this session
1543273836880	Marionette	INFO	Stopped listening on port 38007
JavaScript error: resource://activity-stream/lib/ActivityStreamPrefs.jsm, line 29: NS_ERROR_ILLEGAL_VALUE: Component returned failure code: 0x80070057 (NS_ERROR_ILLEGAL_VALUE) [nsIPrefBranch.removeObserver]

###!!! [Parent][DispatchAsyncMessage] Error: PBackgroundIDBFactory::Msg_PBackgroundIDBFactoryRequestConstructor Value error: message was deserialized, but contained an illegal value


###!!! [Parent][DispatchAsyncMessage] Error: PBackgroundIDBFactory::Msg_PBackgroundIDBFactoryRequestConstructor Value error: message was deserialized, but contained an illegal value

1543274222477	mozrunner::runner	INFO	Running command: "/usr/bin/firefox" "-marionette" "-foreground" "-no-remote" "-profile" "/tmp/rust_mozprofile.GqsRG20WBHZu"

(firefox:11753): Gtk-WARNING **: 21:17:04.076: Theme parsing error: <data>:1:34: Expected ')' in color definition

(firefox:11753): Gtk-WARNING **: 21:17:04.076: Theme parsing error: <data>:1:77: Expected ')' in color definition
1543274227622	Marionette	INFO	Listening on port 42431
1543274227722	Marionette	WARN	TLS certificate errors will be ignored for this session
1543274236734	Marionette	INFO	Stopped listening on port 42431
[Parent 11753, Gecko_IOThread] WARNING: pipe error (78): Conexão fechada pela outra ponta: file /build/firefox-JcIUVH/firefox-63.0.3+build1/ipc/chromium/src/chrome/common/ipc_channel_posix.cc, line 356
[Parent 11753, Gecko_IOThread] WARNING: pipe error (70): Conexão fechada pela outra ponta: file /build/firefox-JcIUVH/firefox-63.0.3+build1/ipc/chromium/src/chrome/common/ipc_channel_posix.cc, line 356
1543278468646	mozrunner::runner	INFO	Running command: "/usr/bin/firefox" "-marionette" "-foreground" "-no-remote" "-profile" "/tmp/rust_mozprofile.OT0WGOGiFZcb"

(firefox:12816): Gtk-WARNING **: 22:27:50.045: Theme parsing error: <data>:1:34: Expected ')' in color definition

(firefox:12816): Gtk-WARNING **: 22:27:50.045: Theme parsing error: <data>:1:77: Expected ')' in color definition
1543278473438	Marionette	INFO	Listening on port 35947
1543278473471	Marionette	WARN	TLS certificate errors will be ignored for this session
1543278480724	Marionette	INFO	Stopped listening on port 35947
[Parent 12816, Gecko_IOThread] WARNING: pipe error (64): Conexão fechada pela outra ponta: file /build/firefox-JcIUVH/firefox-63.0.3+build1/ipc/chromium/src/chrome/common/ipc_channel_posix.cc, line 356
[Parent 12816, Gecko_IOThread] WARNING: pipe error (78): Conexão fechada pela outra ponta: file /build/firefox-JcIUVH/firefox-63.0.3+build1/ipc/chromium/src/chrome/common/ipc_channel_posix.cc, line 356
1543321217491	mozrunner::runner	INFO	Running command: "/usr/bin/firefox" "-marionette" "-foreground" "-no-remote" "-profile" "/tmp/rust_mozprofile.QTfDvMuQtOAo"

(firefox:4092): Gtk-WARNING **: 10:20:21.652: Theme parsing error: <data>:1:34: Expected ')' in color definition

(firefox:4092): Gtk-WARNING **: 10:20:21.652: Theme parsing error: <data>:1:77: Expected ')' in color definition
1543321225283	Marionette	INFO	Listening on port 39911
1543321225367	Marionette	WARN	TLS certificate errors will be ignored for this session
1543321226238	Marionette	INFO	Stopped listening on port 39911
JavaScript error: resource://activity-stream/lib/ActivityStreamPrefs.jsm, line 29: NS_ERROR_ILLEGAL_VALUE: Component returned failure code: 0x80070057 (NS_ERROR_ILLEGAL_VALUE) [nsIPrefBranch.removeObserver]
JavaScript error: resource://gre/modules/JSONFile.jsm, line 159: Error: Data is not ready.
console.error: PushService: 
  clearOriginData: Error clearing origin data:
  UnknownError
console.error: PushService: 
  stateChangeProcessEnqueue: Error transitioning state
  UnknownError

###!!! [Parent][DispatchAsyncMessage] Error: PBackgroundIDBFactory::Msg_PBackgroundIDBFactoryRequestConstructor Value error: message was deserialized, but contained an illegal value


###!!! [Parent][DispatchAsyncMessage] Error: PBackgroundIDBFactory::Msg_PBackgroundIDBFactoryRequestConstructor Value error: message was deserialized, but contained an illegal value

1543321493212	mozrunner::runner	INFO	Running command: "/usr/bin/firefox" "-marionette" "-foreground" "-no-remote" "-profile" "/tmp/rust_mozprofile.VUhxGRmxLqHl"

(firefox:4380): Gtk-WARNING **: 10:24:54.414: Theme parsing error: <data>:1:34: Expected ')' in color definition

(firefox:4380): Gtk-WARNING **: 10:24:54.414: Theme parsing error: <data>:1:77: Expected ')' in color definition
1543321496943	Marionette	INFO	Listening on port 41899
1543321497061	Marionette	WARN	TLS certificate errors will be ignored for this session
1543321497710	Marionette	INFO	Stopped listening on port 41899
JavaScript error: resource://activity-stream/lib/ActivityStreamPrefs.jsm, line 29: NS_ERROR_ILLEGAL_VALUE: Component returned failure code: 0x80070057 (NS_ERROR_ILLEGAL_VALUE) [nsIPrefBranch.removeObserver]
[Parent 4380, Gecko_IOThread] WARNING: pipe error (81): Conexão fechada pela outra ponta: file /build/firefox-JcIUVH/firefox-63.0.3+build1/ipc/chromium/src/chrome/common/ipc_channel_posix.cc, line 356
JavaScript error: resource://gre/modules/JSONFile.jsm, line 159: Error: Data is not ready.
console.error: PushService: 
  clearOriginData: Error clearing origin data:
  UnknownError
console.error: PushService: 
  stateChangeProcessEnqueue: Error transitioning state
  UnknownError

###!!! [Parent][DispatchAsyncMessage] Error: PBackgroundIDBFactory::Msg_PBackgroundIDBFactoryRequestConstructor Value error: message was deserialized, but contained an illegal value


###!!! [Parent][DispatchAsyncMessage] Error: PBackgroundIDBFactory::Msg_PBackgroundIDBFactoryRequestConstructor Value error: message was deserialized, but contained an illegal value

1543321503917	mozrunner::runner	INFO	Running command: "/usr/bin/firefox" "-marionette" "-foreground" "-no-remote" "-profile" "/tmp/rust_mozprofile.uIuUDfVpBrYv"

(firefox:4610): Gtk-WARNING **: 10:25:05.054: Theme parsing error: <data>:1:34: Expected ')' in color definition

(firefox:4610): Gtk-WARNING **: 10:25:05.054: Theme parsing error: <data>:1:77: Expected ')' in color definition
1543321507692	Marionette	INFO	Listening on port 43097
1543321507742	Marionette	WARN	TLS certificate errors will be ignored for this session
1543321508415	Marionette	INFO	Stopped listening on port 43097
JavaScript error: resource://activity-stream/lib/ActivityStreamPrefs.jsm, line 29: NS_ERROR_ILLEGAL_VALUE: Component returned failure code: 0x80070057 (NS_ERROR_ILLEGAL_VALUE) [nsIPrefBranch.removeObserver]
[Parent 4610, Gecko_IOThread] WARNING: pipe error (84): Conexão fechada pela outra ponta: file /build/firefox-JcIUVH/firefox-63.0.3+build1/ipc/chromium/src/chrome/common/ipc_channel_posix.cc, line 356
[Parent 4610, Gecko_IOThread] WARNING: pipe error (78): Conexão fechada pela outra ponta: file /build/firefox-JcIUVH/firefox-63.0.3+build1/ipc/chromium/src/chrome/common/ipc_channel_posix.cc, line 356
JavaScript error: resource://gre/modules/JSONFile.jsm, line 159: Error: Data is not ready.
console.error: PushService: 
  clearOriginData: Error clearing origin data:
  UnknownError
console.error: PushService: 
  stateChangeProcessEnqueue: Error transitioning state
  UnknownError

###!!! [Parent][DispatchAsyncMessage] Error: PBackgroundIDBFactory::Msg_PBackgroundIDBFactoryRequestConstructor Value error: message was deserialized, but contained an illegal value


###!!! [Parent][DispatchAsyncMessage] Error: PBackgroundIDBFactory::Msg_PBackgroundIDBFactoryRequestConstructor Value error: message was deserialized, but contained an illegal value

1543321851274	mozrunner::runner	INFO	Running command: "/usr/bin/firefox" "-marionette" "-foreground" "-no-remote" "-profile" "/tmp/rust_mozprofile.d1MeyEUPveDA"

(firefox:5014): Gtk-WARNING **: 10:30:52.575: Theme parsing error: <data>:1:34: Expected ')' in color definition

(firefox:5014): Gtk-WARNING **: 10:30:52.575: Theme parsing error: <data>:1:77: Expected ')' in color definition
1543321855188	Marionette	INFO	Listening on port 46389
1543321855305	Marionette	WARN	TLS certificate errors will be ignored for this session
1543321862431	Marionette	INFO	Stopped listening on port 46389
[Parent 5014, Gecko_IOThread] WARNING: pipe error (78): Conexão fechada pela outra ponta: file /build/firefox-JcIUVH/firefox-63.0.3+build1/ipc/chromium/src/chrome/common/ipc_channel_posix.cc, line 356
[Parent 5014, Gecko_IOThread] WARNING: pipe error (64): Conexão fechada pela outra ponta: file /build/firefox-JcIUVH/firefox-63.0.3+build1/ipc/chromium/src/chrome/common/ipc_channel_posix.cc, line 356
